<?xml version="1.0" encoding="UTF-8"?>
<coverage generated="1692540643263" clover="3.2.0">
  <project timestamp="1692540643263" name="All files">
    <metrics statements="6" coveredstatements="6" conditionals="0" coveredconditionals="0" methods="4" coveredmethods="4" elements="10" coveredelements="10" complexity="0" loc="6" ncloc="6" packages="1" files="2" classes="2"/>
    <file name="1.sum.js" path="D:\Learning\UT\2. test-practise\2. jest_test_runner\src\1.sum.js">
      <metrics statements="2" coveredstatements="2" conditionals="0" coveredconditionals="0" methods="1" coveredmethods="1"/>
      <line num="2" count="8" type="stmt"/>
      <line num="4" count="1" type="stmt"/>
    </file>
    <file name="calculator.js" path="D:\Learning\UT\2. test-practise\2. jest_test_runner\src\calculator.js">
      <metrics statements="4" coveredstatements="4" conditionals="0" coveredconditionals="0" methods="3" coveredmethods="3"/>
      <line num="7" count="4" type="stmt"/>
      <line num="9" count="10" type="stmt"/>
      <line num="10" count="6" type="stmt"/>
      <line num="14" count="1" type="stmt"/>
    </file>
  </project>
</coverage>
