{"D:\\Learning\\UT\\2. test-practise\\2. jest_test_runner\\src\\1.sum.js": {"path":"D:\\Learning\\UT\\2. test-practise\\2. jest_test_runner\\src\\1.sum.js","statementMap":{"0":{"start":{"line":2,"column":2},"end":{"line":2,"column":15}},"1":{"start":{"line":4,"column":0},"end":{"line":4,"column":21}}},"fnMap":{"0":{"name":"sum","decl":{"start":{"line":1,"column":9},"end":{"line":1,"column":12}},"loc":{"start":{"line":1,"column":19},"end":{"line":3,"column":1}},"line":1}},"branchMap":{},"s":{"0":8,"1":1},"f":{"0":8},"b":{},"_coverageSchema":"1a1c01bbd47fc00a2c39e90264f33305004495a9","hash":"9f53e8470ea3d7d9560a5ccf4a1983af5ff97d78"}
,"D:\\Learning\\UT\\2. test-practise\\2. jest_test_runner\\src\\calculator.js": {"path":"D:\\Learning\\UT\\2. test-practise\\2. jest_test_runner\\src\\calculator.js","statementMap":{"0":{"start":{"line":7,"column":4},"end":{"line":10,"column":33}},"1":{"start":{"line":9,"column":18},"end":{"line":9,"column":29}},"2":{"start":{"line":10,"column":26},"end":{"line":10,"column":31}},"3":{"start":{"line":14,"column":0},"end":{"line":14,"column":17}}},"fnMap":{"0":{"name":"add","decl":{"start":{"line":6,"column":9},"end":{"line":6,"column":12}},"loc":{"start":{"line":6,"column":22},"end":{"line":12,"column":1}},"line":6},"1":{"name":"(anonymous_1)","decl":{"start":{"line":9,"column":13},"end":{"line":9,"column":14}},"loc":{"start":{"line":9,"column":18},"end":{"line":9,"column":29}},"line":9},"2":{"name":"(anonymous_2)","decl":{"start":{"line":10,"column":16},"end":{"line":10,"column":17}},"loc":{"start":{"line":10,"column":26},"end":{"line":10,"column":31}},"line":10}},"branchMap":{},"s":{"0":4,"1":10,"2":6,"3":1},"f":{"0":4,"1":10,"2":6},"b":{},"_coverageSchema":"1a1c01bbd47fc00a2c39e90264f33305004495a9","hash":"85e5699bd149546f23f82cdf59d60c4d8aad2a65"}
}
